  glad.c
  GLSL.cpp
  main.cpp
c:\users\sebastian\downloads\liftdrag\liftdrag\liftdrag 1.1\liftdrag 1.1\src\main.cpp(21): warning C4244: 'initializing': conversion from 'double' to 'int', possible loss of data
c:\users\sebastian\downloads\liftdrag\liftdrag\liftdrag 1.1\liftdrag 1.1\src\main.cpp(133): warning C4244: '=': conversion from 'double' to 'float', possible loss of data
c:\users\sebastian\downloads\liftdrag\liftdrag\liftdrag 1.1\liftdrag 1.1\src\main.cpp(137): warning C4244: '=': conversion from 'double' to 'float', possible loss of data
c:\users\sebastian\downloads\liftdrag\liftdrag\liftdrag 1.1\liftdrag 1.1\src\main.cpp(141): warning C4244: '=': conversion from 'double' to 'float', possible loss of data
c:\users\sebastian\downloads\liftdrag\liftdrag\liftdrag 1.1\liftdrag 1.1\src\main.cpp(143): warning C4244: '=': conversion from 'double' to 'float', possible loss of data
c:\users\sebastian\downloads\liftdrag\liftdrag\liftdrag 1.1\liftdrag 1.1\src\main.cpp(252): warning C4101: 'newPt': unreferenced local variable
c:\users\sebastian\downloads\liftdrag\liftdrag\liftdrag 1.1\liftdrag 1.1\src\main.cpp(778): warning C4305: 'initializing': truncation from 'double' to 'float'
c:\users\sebastian\downloads\liftdrag\liftdrag\liftdrag 1.1\liftdrag 1.1\src\main.cpp(800): warning C4244: '+=': conversion from 'double' to 'float', possible loss of data
c:\users\sebastian\downloads\liftdrag\liftdrag\liftdrag 1.1\liftdrag 1.1\src\main.cpp(829): warning C4305: '=': truncation from 'double' to 'float'
c:\users\sebastian\downloads\liftdrag\liftdrag\liftdrag 1.1\liftdrag 1.1\src\main.cpp(879): warning C4244: 'argument': conversion from 'time_t' to 'unsigned int', possible loss of data
  MatrixStack.cpp
  Program.cpp
  Shape.cpp
c:\users\sebastian\downloads\liftdrag\liftdrag\liftdrag 1.1\liftdrag 1.1\src\shape.cpp(65): warning C4018: '<': signed/unsigned mismatch
  WindowManager.cpp
  Generating Code...
glfw3.lib(context.obj) : warning LNK4099: PDB 'glfw.pdb' was not found with 'glfw3.lib(context.obj)' or at 'C:\Users\Sebastian\Downloads\liftdrag\liftdrag\liftdrag 1.1\liftdrag 1.1\Debug\glfw.pdb'; linking object as if no debug info
glfw3.lib(init.obj) : warning LNK4099: PDB 'glfw.pdb' was not found with 'glfw3.lib(init.obj)' or at 'C:\Users\Sebastian\Downloads\liftdrag\liftdrag\liftdrag 1.1\liftdrag 1.1\Debug\glfw.pdb'; linking object as if no debug info
glfw3.lib(input.obj) : warning LNK4099: PDB 'glfw.pdb' was not found with 'glfw3.lib(input.obj)' or at 'C:\Users\Sebastian\Downloads\liftdrag\liftdrag\liftdrag 1.1\liftdrag 1.1\Debug\glfw.pdb'; linking object as if no debug info
glfw3.lib(monitor.obj) : warning LNK4099: PDB 'glfw.pdb' was not found with 'glfw3.lib(monitor.obj)' or at 'C:\Users\Sebastian\Downloads\liftdrag\liftdrag\liftdrag 1.1\liftdrag 1.1\Debug\glfw.pdb'; linking object as if no debug info
glfw3.lib(vulkan.obj) : warning LNK4099: PDB 'glfw.pdb' was not found with 'glfw3.lib(vulkan.obj)' or at 'C:\Users\Sebastian\Downloads\liftdrag\liftdrag\liftdrag 1.1\liftdrag 1.1\Debug\glfw.pdb'; linking object as if no debug info
glfw3.lib(window.obj) : warning LNK4099: PDB 'glfw.pdb' was not found with 'glfw3.lib(window.obj)' or at 'C:\Users\Sebastian\Downloads\liftdrag\liftdrag\liftdrag 1.1\liftdrag 1.1\Debug\glfw.pdb'; linking object as if no debug info
glfw3.lib(win32_init.obj) : warning LNK4099: PDB 'glfw.pdb' was not found with 'glfw3.lib(win32_init.obj)' or at 'C:\Users\Sebastian\Downloads\liftdrag\liftdrag\liftdrag 1.1\liftdrag 1.1\Debug\glfw.pdb'; linking object as if no debug info
glfw3.lib(win32_joystick.obj) : warning LNK4099: PDB 'glfw.pdb' was not found with 'glfw3.lib(win32_joystick.obj)' or at 'C:\Users\Sebastian\Downloads\liftdrag\liftdrag\liftdrag 1.1\liftdrag 1.1\Debug\glfw.pdb'; linking object as if no debug info
glfw3.lib(win32_monitor.obj) : warning LNK4099: PDB 'glfw.pdb' was not found with 'glfw3.lib(win32_monitor.obj)' or at 'C:\Users\Sebastian\Downloads\liftdrag\liftdrag\liftdrag 1.1\liftdrag 1.1\Debug\glfw.pdb'; linking object as if no debug info
glfw3.lib(win32_time.obj) : warning LNK4099: PDB 'glfw.pdb' was not found with 'glfw3.lib(win32_time.obj)' or at 'C:\Users\Sebastian\Downloads\liftdrag\liftdrag\liftdrag 1.1\liftdrag 1.1\Debug\glfw.pdb'; linking object as if no debug info
glfw3.lib(win32_tls.obj) : warning LNK4099: PDB 'glfw.pdb' was not found with 'glfw3.lib(win32_tls.obj)' or at 'C:\Users\Sebastian\Downloads\liftdrag\liftdrag\liftdrag 1.1\liftdrag 1.1\Debug\glfw.pdb'; linking object as if no debug info
glfw3.lib(win32_window.obj) : warning LNK4099: PDB 'glfw.pdb' was not found with 'glfw3.lib(win32_window.obj)' or at 'C:\Users\Sebastian\Downloads\liftdrag\liftdrag\liftdrag 1.1\liftdrag 1.1\Debug\glfw.pdb'; linking object as if no debug info
glfw3.lib(wgl_context.obj) : warning LNK4099: PDB 'glfw.pdb' was not found with 'glfw3.lib(wgl_context.obj)' or at 'C:\Users\Sebastian\Downloads\liftdrag\liftdrag\liftdrag 1.1\liftdrag 1.1\Debug\glfw.pdb'; linking object as if no debug info
glfw3.lib(egl_context.obj) : warning LNK4099: PDB 'glfw.pdb' was not found with 'glfw3.lib(egl_context.obj)' or at 'C:\Users\Sebastian\Downloads\liftdrag\liftdrag\liftdrag 1.1\liftdrag 1.1\Debug\glfw.pdb'; linking object as if no debug info
  liftdrag.vcxproj -> C:\Users\Sebastian\Downloads\liftdrag\liftdrag\liftdrag 1.1\liftdrag 1.1\Debug\liftdrag.exe
